Using pre-set license
Built from '2021.1/staging' branch; Version is '2021.1.6f1 (c0fade0cc7e9) revision 12647134'; Using compiler version '192528614'; Build Type 'Release'
OS: 'Windows 10 Pro; OS build 19043.1706; Version 2009; 64bit' Language: 'ru' Physical Memory: 3975 MB
BatchMode: 1, IsHumanControllingUs: 0, StartBugReporterOnCrash: 0, Is64bit: 1, IsPro: 0

 COMMAND LINE ARGUMENTS:
C:\Program Files\Unity 2021.1.6f1\Editor\Unity.exe
-adb2
-batchMode
-noUpm
-name
AssetImportWorker1
-projectPath
C:/Users/eren/Desktop/KhonaTJ
-logFile
Logs/AssetImportWorker1.log
-srvPort
24619
Successfully changed project path to: C:/Users/eren/Desktop/KhonaTJ
C:/Users/eren/Desktop/KhonaTJ
Using Asset Import Pipeline V2.
Refreshing native plugins compatible for Editor in 126.45 ms, found 2 plugins.
Preloading 0 native plugins for Editor in 0.00 ms.
Initialize engine version: 2021.1.6f1 (c0fade0cc7e9)
[Subsystems] Discovering subsystems at path C:/Program Files/Unity 2021.1.6f1/Editor/Data/Resources/UnitySubsystems
[Subsystems] Discovering subsystems at path C:/Users/eren/Desktop/KhonaTJ/Assets
GfxDevice: creating device client; threaded=0; jobified=0
Direct3D:
    Version:  Direct3D 11.0 [level 11.0]
    Renderer: NVIDIA GeForce 920MX (ID=0x134f)
    Vendor:   NVIDIA
    VRAM:     2010 MB
    Driver:   30.0.15.1259
Initialize mono
Mono path[0] = 'C:/Program Files/Unity 2021.1.6f1/Editor/Data/Managed'
Mono path[1] = 'C:/Program Files/Unity 2021.1.6f1/Editor/Data/MonoBleedingEdge/lib/mono/unityjit'
Mono config path = 'C:/Program Files/Unity 2021.1.6f1/Editor/Data/MonoBleedingEdge/etc'
Using monoOptions --debugger-agent=transport=dt_socket,embedding=1,server=y,suspend=n,address=127.0.0.1:56284
Begin MonoManager ReloadAssembly
Registering precompiled unity dll's ...
Register platform support module: C:/Program Files/Unity 2021.1.6f1/Editor/Data/PlaybackEngines/WebGLSupport/UnityEditor.WebGL.Extensions.dll
Register platform support module: C:/Program Files/Unity 2021.1.6f1/Editor/Data/PlaybackEngines/WindowsStandaloneSupport/UnityEditor.WindowsStandalone.Extensions.dll
Registered in 0.006482 seconds.
Native extension for WindowsStandalone target not found
Native extension for WebGL target not found
Refreshing native plugins compatible for Editor in 115.74 ms, found 2 plugins.
Preloading 0 native plugins for Editor in 0.00 ms.
Mono: successfully reloaded assembly
- Completed reload, in  3.955 seconds
Platform modules already initialized, skipping
Registering precompiled user dll's ...
Registered in 0.012078 seconds.
Begin MonoManager ReloadAssembly
Native extension for WindowsStandalone target not found
Native extension for WebGL target not found
Refreshing native plugins compatible for Editor in 117.98 ms, found 2 plugins.
Preloading 0 native plugins for Editor in 0.00 ms.
Mono: successfully reloaded assembly
- Completed reload, in  1.515 seconds
Platform modules already initialized, skipping
========================================================================
Worker process is ready to serve import requests
Launched and connected shader compiler UnityShaderCompiler.exe after 0.16 seconds
Refreshing native plugins compatible for Editor in 0.80 ms, found 2 plugins.
Preloading 0 native plugins for Editor in 0.00 ms.
Unloading 3370 Unused Serialized files (Serialized files now loaded: 0)
System memory in use before: 127.9 MB.
System memory in use after: 127.9 MB.

Unloading 29 unused Assets to reduce memory usage. Loaded Objects now: 3823.
Total: 10.325700 ms (FindLiveObjects: 0.438300 ms CreateObjectMapping: 0.287600 ms MarkObjects: 9.021700 ms  DeleteObjects: 0.576200 ms)

========================================================================
Received Import Request.
  path: Assets/sprits/1.jpg
  artifactKey: Guid(2f3edb56d1b666d43ba7f66feaec8b3e) Importer(815301076,1909f56bfc062723c751e8b465ee728b)
Start importing Assets/sprits/1.jpg using Guid(2f3edb56d1b666d43ba7f66feaec8b3e) Importer(815301076,1909f56bfc062723c751e8b465ee728b)  -> (artifact id: '384943ce280b74bdebb3afcae895ab61') in 0.169589 seconds 
========================================================================
Received Import Request.
  Time since last request: 0.000337 seconds.
  path: Assets/sprits
  artifactKey: Guid(a562df3567490f342a782706bdb26a31) Importer(815301076,1909f56bfc062723c751e8b465ee728b)
Start importing Assets/sprits using Guid(a562df3567490f342a782706bdb26a31) Importer(815301076,1909f56bfc062723c751e8b465ee728b)  -> (artifact id: '4c054211dd768e5f20f1aed7da5acb05') in 0.012645 seconds 
========================================================================
Received Prepare
Registering precompiled user dll's ...
Registered in 0.012002 seconds.
Begin MonoManager ReloadAssembly
Native extension for WindowsStandalone target not found
Native extension for WebGL target not found
Refreshing native plugins compatible for Editor in 0.83 ms, found 2 plugins.
Preloading 0 native plugins for Editor in 0.00 ms.
Mono: successfully reloaded assembly
- Completed reload, in  1.314 seconds
Platform modules already initialized, skipping
Refreshing native plugins compatible for Editor in 0.65 ms, found 2 plugins.
Preloading 0 native plugins for Editor in 0.00 ms.
Unloading 3366 Unused Serialized files (Serialized files now loaded: 0)
System memory in use before: 133.6 MB.
System memory in use after: 133.7 MB.

Unloading 17 unused Assets to reduce memory usage. Loaded Objects now: 3848.
Total: 2.973000 ms (FindLiveObjects: 0.312600 ms CreateObjectMapping: 0.213900 ms MarkObjects: 2.288900 ms  DeleteObjects: 0.156100 ms)

========================================================================
Received Import Request.
  Time since last request: 305.211908 seconds.
  path: Assets/sprits/2.png
  artifactKey: Guid(35fe11f6bafe9ec4eae202fe6aa0f1fe) Importer(815301076,1909f56bfc062723c751e8b465ee728b)
Start importing Assets/sprits/2.png using Guid(35fe11f6bafe9ec4eae202fe6aa0f1fe) Importer(815301076,1909f56bfc062723c751e8b465ee728b)  -> (artifact id: '4f63288a04c96f030041ae4f3fadf22a') in 0.136087 seconds 
========================================================================
Received Import Request.
  Time since last request: 81.293343 seconds.
  path: Assets/sprits/3.jpeg
  artifactKey: Guid(f91b03866427d9e419e3d40b0d32689d) Importer(815301076,1909f56bfc062723c751e8b465ee728b)
Start importing Assets/sprits/3.jpeg using Guid(f91b03866427d9e419e3d40b0d32689d) Importer(815301076,1909f56bfc062723c751e8b465ee728b)  -> (artifact id: 'c578635a5fa523e35e4cf35f9efd929e') in 0.061888 seconds 
========================================================================
Received Import Request.
  Time since last request: 0.000443 seconds.
  path: Assets/sprits/4.jpg
  artifactKey: Guid(ad9779b197a1c7647a44644868b43313) Importer(815301076,1909f56bfc062723c751e8b465ee728b)
Start importing Assets/sprits/4.jpg using Guid(ad9779b197a1c7647a44644868b43313) Importer(815301076,1909f56bfc062723c751e8b465ee728b)  -> (artifact id: '91cbba73e31ae97058cee68a8c358179') in 0.067265 seconds 
========================================================================
Received Prepare
Registering precompiled user dll's ...
Registered in 0.039354 seconds.
Begin MonoManager ReloadAssembly
Native extension for WindowsStandalone target not found
Native extension for WebGL target not found
Refreshing native plugins compatible for Editor in 0.93 ms, found 2 plugins.
Preloading 0 native plugins for Editor in 0.00 ms.
Mono: successfully reloaded assembly
- Completed reload, in  3.102 seconds
Platform modules already initialized, skipping
Refreshing native plugins compatible for Editor in 1.22 ms, found 2 plugins.
Preloading 0 native plugins for Editor in 0.00 ms.
Unloading 3368 Unused Serialized files (Serialized files now loaded: 0)
System memory in use before: 137.3 MB.
System memory in use after: 137.4 MB.

Unloading 17 unused Assets to reduce memory usage. Loaded Objects now: 3900.
Total: 3.051700 ms (FindLiveObjects: 0.303900 ms CreateObjectMapping: 0.225200 ms MarkObjects: 2.383600 ms  DeleteObjects: 0.137700 ms)

========================================================================
Received Import Request.
  Time since last request: 205.876052 seconds.
  path: Assets
  artifactKey: Guid(00000000000000001000000000000000) Importer(815301076,1909f56bfc062723c751e8b465ee728b)
Start importing Assets using Guid(00000000000000001000000000000000) Importer(815301076,1909f56bfc062723c751e8b465ee728b)  -> (artifact id: '42d402b061de3733987d63b9cc3b64de') in 0.028265 seconds 
========================================================================
Received Import Request.
  Time since last request: 10.374971 seconds.
  path: Assets/animations
  artifactKey: Guid(8865404f7f5951b4f8829c38e977a277) Importer(815301076,1909f56bfc062723c751e8b465ee728b)
Start importing Assets/animations using Guid(8865404f7f5951b4f8829c38e977a277) Importer(815301076,1909f56bfc062723c751e8b465ee728b)  -> (artifact id: 'ab2adf6b2d05af31b5e3e742e11fc952') in 0.017956 seconds 
========================================================================
Received Import Request.
  Time since last request: 23.717779 seconds.
  path: Assets/animations/result_ani.anim
  artifactKey: Guid(1b98bc21b15e35442990e41aa2b45a42) Importer(815301076,1909f56bfc062723c751e8b465ee728b)
Start importing Assets/animations/result_ani.anim using Guid(1b98bc21b15e35442990e41aa2b45a42) Importer(815301076,1909f56bfc062723c751e8b465ee728b)  -> (artifact id: '1acf76b7fbf779e1e8df0df6446ab57a') in 0.045490 seconds 
========================================================================
Received Import Request.
  Time since last request: 8.330833 seconds.
  path: Assets/animations/TopResult.controller
  artifactKey: Guid(b5543e154e6cb2641b1246abc46febd9) Importer(815301076,1909f56bfc062723c751e8b465ee728b)
Start importing Assets/animations/TopResult.controller using Guid(b5543e154e6cb2641b1246abc46febd9) Importer(815301076,1909f56bfc062723c751e8b465ee728b)  -> (artifact id: '6e8bb95bf1d88a8e1fe10b672570c3a9') in 0.020593 seconds 
========================================================================
Received Import Request.
  Time since last request: 151.736988 seconds.
  path: Assets/scripts
  artifactKey: Guid(a39faea35bb610043b75f4f3fb92cfdc) Importer(815301076,1909f56bfc062723c751e8b465ee728b)
Start importing Assets/scripts using Guid(a39faea35bb610043b75f4f3fb92cfdc) Importer(815301076,1909f56bfc062723c751e8b465ee728b)  -> (artifact id: 'ca80985cbad9bc6576cddac98a7eae86') in 0.020717 seconds 
========================================================================
Received Import Request.
  Time since last request: 11.728960 seconds.
  path: Assets/scripts/result.cs
  artifactKey: Guid(0c7ce00b47955644a852ad15d0590ce2) Importer(815301076,1909f56bfc062723c751e8b465ee728b)
Start importing Assets/scripts/result.cs using Guid(0c7ce00b47955644a852ad15d0590ce2) Importer(815301076,1909f56bfc062723c751e8b465ee728b)  -> (artifact id: '1754ea9fbfac22f19640cdf362605d42') in 0.129854 seconds 
========================================================================
Received Prepare
Registering precompiled user dll's ...
Registered in 0.004781 seconds.
Begin MonoManager ReloadAssembly
Native extension for WindowsStandalone target not found
Native extension for WebGL target not found
Refreshing native plugins compatible for Editor in 0.69 ms, found 2 plugins.
Preloading 0 native plugins for Editor in 0.00 ms.
Mono: successfully reloaded assembly
- Completed reload, in  1.512 seconds
Platform modules already initialized, skipping
Refreshing native plugins compatible for Editor in 0.76 ms, found 2 plugins.
Preloading 0 native plugins for Editor in 0.00 ms.
Unloading 3366 Unused Serialized files (Serialized files now loaded: 0)
System memory in use before: 137.3 MB.
System memory in use after: 137.4 MB.

Unloading 17 unused Assets to reduce memory usage. Loaded Objects now: 3905.
Total: 3.432200 ms (FindLiveObjects: 0.348400 ms CreateObjectMapping: 0.202400 ms MarkObjects: 2.740700 ms  DeleteObjects: 0.139700 ms)

========================================================================
Received Import Request.
  Time since last request: 328.165859 seconds.
  path: Assets/scripts/result.cs
  artifactKey: Guid(0c7ce00b47955644a852ad15d0590ce2) Importer(815301076,1909f56bfc062723c751e8b465ee728b)
Start importing Assets/scripts/result.cs using Guid(0c7ce00b47955644a852ad15d0590ce2) Importer(815301076,1909f56bfc062723c751e8b465ee728b)  -> (artifact id: 'a119623aea9bf28befe1b4d94b5de7e6') in 0.024666 seconds 
========================================================================
Received Prepare
Registering precompiled user dll's ...
Registered in 0.007631 seconds.
Begin MonoManager ReloadAssembly
Native extension for WindowsStandalone target not found
Native extension for WebGL target not found
Refreshing native plugins compatible for Editor in 1.12 ms, found 2 plugins.
Preloading 0 native plugins for Editor in 0.00 ms.
Mono: successfully reloaded assembly
- Completed reload, in  2.021 seconds
Platform modules already initialized, skipping
Refreshing native plugins compatible for Editor in 0.80 ms, found 2 plugins.
Preloading 0 native plugins for Editor in 0.00 ms.
Unloading 3366 Unused Serialized files (Serialized files now loaded: 0)
System memory in use before: 137.3 MB.
System memory in use after: 137.4 MB.

Unloading 17 unused Assets to reduce memory usage. Loaded Objects now: 3909.
Total: 14.758200 ms (FindLiveObjects: 1.111600 ms CreateObjectMapping: 0.315200 ms MarkObjects: 12.838700 ms  DeleteObjects: 0.490300 ms)

========================================================================
Received Import Request.
  Time since last request: 282.784880 seconds.
  path: Assets/scripts/result.cs
  artifactKey: Guid(0c7ce00b47955644a852ad15d0590ce2) Importer(815301076,1909f56bfc062723c751e8b465ee728b)
Start importing Assets/scripts/result.cs using Guid(0c7ce00b47955644a852ad15d0590ce2) Importer(815301076,1909f56bfc062723c751e8b465ee728b)  -> (artifact id: '09f496ed50ff2dad63d0b63b108768b5') in 0.018627 seconds 
========================================================================
Received Prepare
Registering precompiled user dll's ...
Registered in 0.008451 seconds.
Begin MonoManager ReloadAssembly
Native extension for WindowsStandalone target not found
Native extension for WebGL target not found
Refreshing native plugins compatible for Editor in 0.72 ms, found 2 plugins.
Preloading 0 native plugins for Editor in 0.00 ms.
Mono: successfully reloaded assembly
- Completed reload, in  1.792 seconds
Platform modules already initialized, skipping
Refreshing native plugins compatible for Editor in 1.10 ms, found 2 plugins.
Preloading 0 native plugins for Editor in 0.00 ms.
Unloading 3366 Unused Serialized files (Serialized files now loaded: 0)
System memory in use before: 137.4 MB.
System memory in use after: 137.5 MB.

Unloading 17 unused Assets to reduce memory usage. Loaded Objects now: 3913.
Total: 3.701500 ms (FindLiveObjects: 0.323100 ms CreateObjectMapping: 0.177300 ms MarkObjects: 3.040700 ms  DeleteObjects: 0.159100 ms)

========================================================================
Received Prepare
Registering precompiled user dll's ...
Registered in 0.003579 seconds.
Begin MonoManager ReloadAssembly
Native extension for WindowsStandalone target not found
Native extension for WebGL target not found
Refreshing native plugins compatible for Editor in 0.77 ms, found 2 plugins.
Preloading 0 native plugins for Editor in 0.00 ms.
Mono: successfully reloaded assembly
- Completed reload, in  1.512 seconds
Platform modules already initialized, skipping
Refreshing native plugins compatible for Editor in 0.67 ms, found 2 plugins.
Preloading 0 native plugins for Editor in 0.00 ms.
Unloading 3366 Unused Serialized files (Serialized files now loaded: 0)
System memory in use before: 137.4 MB.
System memory in use after: 137.5 MB.

Unloading 17 unused Assets to reduce memory usage. Loaded Objects now: 3917.
Total: 3.289200 ms (FindLiveObjects: 0.320300 ms CreateObjectMapping: 0.191100 ms MarkObjects: 2.652300 ms  DeleteObjects: 0.122800 ms)

========================================================================
Received Prepare
Registering precompiled user dll's ...
Registered in 0.002735 seconds.
Begin MonoManager ReloadAssembly
Native extension for WindowsStandalone target not found
Native extension for WebGL target not found
Refreshing native plugins compatible for Editor in 0.68 ms, found 2 plugins.
Preloading 0 native plugins for Editor in 0.00 ms.
Mono: successfully reloaded assembly
- Completed reload, in  1.596 seconds
Platform modules already initialized, skipping
Refreshing native plugins compatible for Editor in 0.76 ms, found 2 plugins.
Preloading 0 native plugins for Editor in 0.00 ms.
Unloading 3366 Unused Serialized files (Serialized files now loaded: 0)
System memory in use before: 137.4 MB.
System memory in use after: 137.5 MB.

Unloading 17 unused Assets to reduce memory usage. Loaded Objects now: 3921.
Total: 4.438800 ms (FindLiveObjects: 0.430100 ms CreateObjectMapping: 0.363900 ms MarkObjects: 3.475100 ms  DeleteObjects: 0.168500 ms)

========================================================================
Received Prepare
Registering precompiled user dll's ...
Registered in 0.010517 seconds.
Begin MonoManager ReloadAssembly
Native extension for WindowsStandalone target not found
Native extension for WebGL target not found
Refreshing native plugins compatible for Editor in 1.94 ms, found 2 plugins.
Preloading 0 native plugins for Editor in 0.00 ms.
Mono: successfully reloaded assembly
- Completed reload, in  2.098 seconds
Platform modules already initialized, skipping
Refreshing native plugins compatible for Editor in 1.09 ms, found 2 plugins.
Preloading 0 native plugins for Editor in 0.00 ms.
Unloading 3366 Unused Serialized files (Serialized files now loaded: 0)
System memory in use before: 137.4 MB.
System memory in use after: 137.5 MB.

Unloading 17 unused Assets to reduce memory usage. Loaded Objects now: 3925.
Total: 3.015400 ms (FindLiveObjects: 0.327700 ms CreateObjectMapping: 0.263300 ms MarkObjects: 2.276300 ms  DeleteObjects: 0.147000 ms)

========================================================================
Received Prepare
Registering precompiled user dll's ...
Registered in 0.002569 seconds.
Begin MonoManager ReloadAssembly
Native extension for WindowsStandalone target not found
Native extension for WebGL target not found
Refreshing native plugins compatible for Editor in 1.27 ms, found 2 plugins.
Preloading 0 native plugins for Editor in 0.00 ms.
Mono: successfully reloaded assembly
- Completed reload, in  1.564 seconds
Platform modules already initialized, skipping
Refreshing native plugins compatible for Editor in 1.15 ms, found 2 plugins.
Preloading 0 native plugins for Editor in 0.00 ms.
Unloading 3366 Unused Serialized files (Serialized files now loaded: 0)
System memory in use before: 137.4 MB.
System memory in use after: 137.5 MB.

Unloading 17 unused Assets to reduce memory usage. Loaded Objects now: 3929.
Total: 4.782600 ms (FindLiveObjects: 0.795600 ms CreateObjectMapping: 0.428600 ms MarkObjects: 3.388000 ms  DeleteObjects: 0.168700 ms)

========================================================================
Received Prepare
Registering precompiled user dll's ...
Registered in 0.003036 seconds.
Begin MonoManager ReloadAssembly
Native extension for WindowsStandalone target not found
Native extension for WebGL target not found
Refreshing native plugins compatible for Editor in 1.16 ms, found 2 plugins.
Preloading 0 native plugins for Editor in 0.00 ms.
Mono: successfully reloaded assembly
- Completed reload, in  1.620 seconds
Platform modules already initialized, skipping
Refreshing native plugins compatible for Editor in 1.09 ms, found 2 plugins.
Preloading 0 native plugins for Editor in 0.00 ms.
Unloading 3366 Unused Serialized files (Serialized files now loaded: 0)
System memory in use before: 137.4 MB.
System memory in use after: 137.5 MB.

Unloading 17 unused Assets to reduce memory usage. Loaded Objects now: 3933.
Total: 3.243400 ms (FindLiveObjects: 0.441800 ms CreateObjectMapping: 0.276500 ms MarkObjects: 2.409900 ms  DeleteObjects: 0.114100 ms)

========================================================================
Received Prepare
Registering precompiled user dll's ...
Registered in 0.002503 seconds.
Begin MonoManager ReloadAssembly
Native extension for WindowsStandalone target not found
Native extension for WebGL target not found
Refreshing native plugins compatible for Editor in 1.14 ms, found 2 plugins.
Preloading 0 native plugins for Editor in 0.00 ms.
Mono: successfully reloaded assembly
- Completed reload, in  1.547 seconds
Platform modules already initialized, skipping
Refreshing native plugins compatible for Editor in 1.16 ms, found 2 plugins.
Preloading 0 native plugins for Editor in 0.00 ms.
Unloading 3366 Unused Serialized files (Serialized files now loaded: 0)
System memory in use before: 137.4 MB.
System memory in use after: 137.5 MB.

Unloading 17 unused Assets to reduce memory usage. Loaded Objects now: 3937.
Total: 3.098400 ms (FindLiveObjects: 0.332600 ms CreateObjectMapping: 0.237900 ms MarkObjects: 2.405700 ms  DeleteObjects: 0.121000 ms)

========================================================================
Received Prepare
Registering precompiled user dll's ...
Registered in 0.002499 seconds.
Begin MonoManager ReloadAssembly
Native extension for WindowsStandalone target not found
Native extension for WebGL target not found
Refreshing native plugins compatible for Editor in 0.89 ms, found 2 plugins.
Preloading 0 native plugins for Editor in 0.00 ms.
Mono: successfully reloaded assembly
- Completed reload, in  1.484 seconds
Platform modules already initialized, skipping
Refreshing native plugins compatible for Editor in 1.06 ms, found 2 plugins.
Preloading 0 native plugins for Editor in 0.00 ms.
Unloading 3366 Unused Serialized files (Serialized files now loaded: 0)
System memory in use before: 137.4 MB.
System memory in use after: 137.5 MB.

Unloading 17 unused Assets to reduce memory usage. Loaded Objects now: 3941.
Total: 4.497200 ms (FindLiveObjects: 0.518000 ms CreateObjectMapping: 0.315100 ms MarkObjects: 3.495700 ms  DeleteObjects: 0.164600 ms)

========================================================================
Received Prepare
Registering precompiled user dll's ...
Registered in 0.002493 seconds.
Begin MonoManager ReloadAssembly
Native extension for WindowsStandalone target not found
Native extension for WebGL target not found
Refreshing native plugins compatible for Editor in 0.77 ms, found 2 plugins.
Preloading 0 native plugins for Editor in 0.00 ms.
Mono: successfully reloaded assembly
- Completed reload, in  1.652 seconds
Platform modules already initialized, skipping
Refreshing native plugins compatible for Editor in 0.87 ms, found 2 plugins.
Preloading 0 native plugins for Editor in 0.00 ms.
Unloading 3366 Unused Serialized files (Serialized files now loaded: 0)
System memory in use before: 137.4 MB.
System memory in use after: 137.5 MB.

Unloading 17 unused Assets to reduce memory usage. Loaded Objects now: 3945.
Total: 4.113900 ms (FindLiveObjects: 0.492400 ms CreateObjectMapping: 0.351000 ms MarkObjects: 3.064000 ms  DeleteObjects: 0.204800 ms)

========================================================================
Received Prepare
Registering precompiled user dll's ...
Registered in 0.002547 seconds.
Begin MonoManager ReloadAssembly
Native extension for WindowsStandalone target not found
Native extension for WebGL target not found
Refreshing native plugins compatible for Editor in 0.87 ms, found 2 plugins.
Preloading 0 native plugins for Editor in 0.00 ms.
Mono: successfully reloaded assembly
- Completed reload, in  1.525 seconds
Platform modules already initialized, skipping
Refreshing native plugins compatible for Editor in 1.11 ms, found 2 plugins.
Preloading 0 native plugins for Editor in 0.00 ms.
Unloading 3366 Unused Serialized files (Serialized files now loaded: 0)
System memory in use before: 137.4 MB.
System memory in use after: 137.5 MB.

Unloading 17 unused Assets to reduce memory usage. Loaded Objects now: 3949.
Total: 7.640000 ms (FindLiveObjects: 0.440400 ms CreateObjectMapping: 0.347700 ms MarkObjects: 6.683900 ms  DeleteObjects: 0.161400 ms)

========================================================================
Received Prepare
Registering precompiled user dll's ...
Registered in 0.002513 seconds.
Begin MonoManager ReloadAssembly
Native extension for WindowsStandalone target not found
Native extension for WebGL target not found
Refreshing native plugins compatible for Editor in 1.17 ms, found 2 plugins.
Preloading 0 native plugins for Editor in 0.00 ms.
Mono: successfully reloaded assembly
- Completed reload, in  1.584 seconds
Platform modules already initialized, skipping
Refreshing native plugins compatible for Editor in 0.79 ms, found 2 plugins.
Preloading 0 native plugins for Editor in 0.00 ms.
Unloading 3366 Unused Serialized files (Serialized files now loaded: 0)
System memory in use before: 137.5 MB.
System memory in use after: 137.6 MB.

Unloading 17 unused Assets to reduce memory usage. Loaded Objects now: 3953.
Total: 3.236200 ms (FindLiveObjects: 0.326500 ms CreateObjectMapping: 0.218900 ms MarkObjects: 2.546000 ms  DeleteObjects: 0.142900 ms)

========================================================================
Received Prepare
Registering precompiled user dll's ...
Registered in 0.002772 seconds.
Begin MonoManager ReloadAssembly
Native extension for WindowsStandalone target not found
Native extension for WebGL target not found
Refreshing native plugins compatible for Editor in 1.18 ms, found 2 plugins.
Preloading 0 native plugins for Editor in 0.00 ms.
Mono: successfully reloaded assembly
- Completed reload, in  1.532 seconds
Platform modules already initialized, skipping
Refreshing native plugins compatible for Editor in 1.10 ms, found 2 plugins.
Preloading 0 native plugins for Editor in 0.00 ms.
Unloading 3366 Unused Serialized files (Serialized files now loaded: 0)
System memory in use before: 137.5 MB.
System memory in use after: 137.6 MB.

Unloading 17 unused Assets to reduce memory usage. Loaded Objects now: 3957.
Total: 3.946400 ms (FindLiveObjects: 0.370300 ms CreateObjectMapping: 0.273400 ms MarkObjects: 3.149900 ms  DeleteObjects: 0.150900 ms)

========================================================================
Received Prepare
Registering precompiled user dll's ...
Registered in 0.003900 seconds.
Begin MonoManager ReloadAssembly
Native extension for WindowsStandalone target not found
Native extension for WebGL target not found
Refreshing native plugins compatible for Editor in 0.65 ms, found 2 plugins.
Preloading 0 native plugins for Editor in 0.00 ms.
Mono: successfully reloaded assembly
- Completed reload, in  1.324 seconds
Platform modules already initialized, skipping
Refreshing native plugins compatible for Editor in 1.09 ms, found 2 plugins.
Preloading 0 native plugins for Editor in 0.00 ms.
Unloading 3366 Unused Serialized files (Serialized files now loaded: 0)
System memory in use before: 137.5 MB.
System memory in use after: 137.6 MB.

Unloading 17 unused Assets to reduce memory usage. Loaded Objects now: 3961.
Total: 3.481400 ms (FindLiveObjects: 0.310400 ms CreateObjectMapping: 0.208000 ms MarkObjects: 2.857100 ms  DeleteObjects: 0.104100 ms)

========================================================================
Received Prepare
Registering precompiled user dll's ...
Registered in 0.003036 seconds.
Begin MonoManager ReloadAssembly
Native extension for WindowsStandalone target not found
Native extension for WebGL target not found
Refreshing native plugins compatible for Editor in 0.74 ms, found 2 plugins.
Preloading 0 native plugins for Editor in 0.00 ms.
Mono: successfully reloaded assembly
- Completed reload, in  1.444 seconds
Platform modules already initialized, skipping
Refreshing native plugins compatible for Editor in 1.15 ms, found 2 plugins.
Preloading 0 native plugins for Editor in 0.00 ms.
Unloading 3366 Unused Serialized files (Serialized files now loaded: 0)
System memory in use before: 137.5 MB.
System memory in use after: 137.6 MB.

Unloading 17 unused Assets to reduce memory usage. Loaded Objects now: 3965.
Total: 3.094500 ms (FindLiveObjects: 0.336100 ms CreateObjectMapping: 0.225700 ms MarkObjects: 2.422900 ms  DeleteObjects: 0.108600 ms)

========================================================================
Received Prepare
Registering precompiled user dll's ...
Registered in 0.002673 seconds.
Begin MonoManager ReloadAssembly
Native extension for WindowsStandalone target not found
Native extension for WebGL target not found
Refreshing native plugins compatible for Editor in 0.81 ms, found 2 plugins.
Preloading 0 native plugins for Editor in 0.00 ms.
Mono: successfully reloaded assembly
- Completed reload, in  1.282 seconds
Platform modules already initialized, skipping
Refreshing native plugins compatible for Editor in 2.16 ms, found 2 plugins.
Preloading 0 native plugins for Editor in 0.00 ms.
Unloading 3366 Unused Serialized files (Serialized files now loaded: 0)
System memory in use before: 137.5 MB.
System memory in use after: 137.6 MB.

Unloading 17 unused Assets to reduce memory usage. Loaded Objects now: 3969.
Total: 19.569400 ms (FindLiveObjects: 1.569400 ms CreateObjectMapping: 1.263000 ms MarkObjects: 16.574900 ms  DeleteObjects: 0.160300 ms)

========================================================================
Received Import Request.
  Time since last request: 1715.649833 seconds.
  path: Assets/animations/result_ani.anim
  artifactKey: Guid(1b98bc21b15e35442990e41aa2b45a42) Importer(815301076,1909f56bfc062723c751e8b465ee728b)
Start importing Assets/animations/result_ani.anim using Guid(1b98bc21b15e35442990e41aa2b45a42) Importer(815301076,1909f56bfc062723c751e8b465ee728b)  -> (artifact id: '8b0503fad1fab6efb6f4bb17667b9bd1') in 0.044269 seconds 
========================================================================
Received Import Request.
  Time since last request: 15.662645 seconds.
  path: Assets/animations/TopResult.controller
  artifactKey: Guid(b5543e154e6cb2641b1246abc46febd9) Importer(815301076,1909f56bfc062723c751e8b465ee728b)
Start importing Assets/animations/TopResult.controller using Guid(b5543e154e6cb2641b1246abc46febd9) Importer(815301076,1909f56bfc062723c751e8b465ee728b)  -> (artifact id: '9777ae7e7d1eb16f6b0ae3c9279764f5') in 0.027499 seconds 
========================================================================
Received Prepare
Registering precompiled user dll's ...
Registered in 0.002541 seconds.
Begin MonoManager ReloadAssembly
Native extension for WindowsStandalone target not found
Native extension for WebGL target not found
Refreshing native plugins compatible for Editor in 1.22 ms, found 2 plugins.
Preloading 0 native plugins for Editor in 0.00 ms.
Mono: successfully reloaded assembly
- Completed reload, in  1.527 seconds
Platform modules already initialized, skipping
Refreshing native plugins compatible for Editor in 0.83 ms, found 2 plugins.
Preloading 0 native plugins for Editor in 0.00 ms.
Unloading 3366 Unused Serialized files (Serialized files now loaded: 0)
System memory in use before: 137.5 MB.
System memory in use after: 137.6 MB.

Unloading 17 unused Assets to reduce memory usage. Loaded Objects now: 3973.
Total: 3.481100 ms (FindLiveObjects: 0.324600 ms CreateObjectMapping: 0.175100 ms MarkObjects: 2.868000 ms  DeleteObjects: 0.112200 ms)

========================================================================
Received Import Request.
  Time since last request: 27.605069 seconds.
  path: Assets/animations/res_ani.anim
  artifactKey: Guid(3114fedc85305b941bbbe051700936a0) Importer(815301076,1909f56bfc062723c751e8b465ee728b)
Start importing Assets/animations/res_ani.anim using Guid(3114fedc85305b941bbbe051700936a0) Importer(815301076,1909f56bfc062723c751e8b465ee728b)  -> (artifact id: '2bdd2c7ef88922a53204453bc29aaf0b') in 0.037499 seconds 
========================================================================
Received Prepare
Registering precompiled user dll's ...
Registered in 0.003695 seconds.
Begin MonoManager ReloadAssembly
Native extension for WindowsStandalone target not found
Native extension for WebGL target not found
Refreshing native plugins compatible for Editor in 3.78 ms, found 2 plugins.
Preloading 0 native plugins for Editor in 0.00 ms.
Mono: successfully reloaded assembly
- Completed reload, in  2.509 seconds
Platform modules already initialized, skipping
Refreshing native plugins compatible for Editor in 1.68 ms, found 2 plugins.
Preloading 0 native plugins for Editor in 0.00 ms.
Unloading 3366 Unused Serialized files (Serialized files now loaded: 0)
System memory in use before: 137.5 MB.
System memory in use after: 137.6 MB.

Unloading 17 unused Assets to reduce memory usage. Loaded Objects now: 3977.
Total: 7.678700 ms (FindLiveObjects: 0.662300 ms CreateObjectMapping: 0.388200 ms MarkObjects: 6.454900 ms  DeleteObjects: 0.170800 ms)

========================================================================
Received Prepare
Refreshing native plugins compatible for Editor in 5.05 ms, found 2 plugins.
Preloading 0 native plugins for Editor in 0.00 ms.
Unloading 15 Unused Serialized files (Serialized files now loaded: 0)
System memory in use before: 71.2 MB.
System memory in use after: 71.3 MB.

Unloading 15 unused Assets to reduce memory usage. Loaded Objects now: 3977.
Total: 3.956800 ms (FindLiveObjects: 0.532700 ms CreateObjectMapping: 0.409900 ms MarkObjects: 2.878700 ms  DeleteObjects: 0.133800 ms)

========================================================================
Received Prepare
Refreshing native plugins compatible for Editor in 12.05 ms, found 2 plugins.
Preloading 0 native plugins for Editor in 0.00 ms.
Unloading 15 Unused Serialized files (Serialized files now loaded: 0)
System memory in use before: 71.2 MB.
System memory in use after: 71.3 MB.

Unloading 15 unused Assets to reduce memory usage. Loaded Objects now: 3977.
Total: 103.738600 ms (FindLiveObjects: 2.034000 ms CreateObjectMapping: 0.217500 ms MarkObjects: 100.740100 ms  DeleteObjects: 0.743200 ms)

========================================================================
Received Import Request.
  Time since last request: 1509.945638 seconds.
  path: Assets/Academy_Tajik.TTF
  artifactKey: Guid(9ac4df3e9bf49a14eb7c7286f8296a9f) Importer(815301076,1909f56bfc062723c751e8b465ee728b)
Start importing Assets/Academy_Tajik.TTF using Guid(9ac4df3e9bf49a14eb7c7286f8296a9f) Importer(815301076,1909f56bfc062723c751e8b465ee728b)  -> (artifact id: 'fbcc76932e670165aed91c154dbff339') in 1.517777 seconds 
========================================================================
Received Import Request.
  Time since last request: 9.463056 seconds.
  path: Assets/shrifts
  artifactKey: Guid(7e075b567b5db4f4ea108d3991b1b9f1) Importer(815301076,1909f56bfc062723c751e8b465ee728b)
Start importing Assets/shrifts using Guid(7e075b567b5db4f4ea108d3991b1b9f1) Importer(815301076,1909f56bfc062723c751e8b465ee728b)  -> (artifact id: '5505a39235228e9db30e492394405b37') in 0.015337 seconds 
========================================================================
Received Prepare
Refreshing native plugins compatible for Editor in 10.04 ms, found 2 plugins.
Preloading 0 native plugins for Editor in 0.00 ms.
Unloading 15 Unused Serialized files (Serialized files now loaded: 0)
System memory in use before: 71.8 MB.
System memory in use after: 71.9 MB.

Unloading 15 unused Assets to reduce memory usage. Loaded Objects now: 4020.
Total: 13.587200 ms (FindLiveObjects: 0.383500 ms CreateObjectMapping: 0.654600 ms MarkObjects: 12.429100 ms  DeleteObjects: 0.118700 ms)

========================================================================
Received Import Request.
  Time since last request: 385.399375 seconds.
  path: Assets/shrifts/CALIBRI.TTF
  artifactKey: Guid(38d798ce4a7010a429e27f071981e016) Importer(815301076,1909f56bfc062723c751e8b465ee728b)
Start importing Assets/shrifts/CALIBRI.TTF using Guid(38d798ce4a7010a429e27f071981e016) Importer(815301076,1909f56bfc062723c751e8b465ee728b)  -> (artifact id: '4b1e22dadfc6a0bfe988573ec041855e') in 0.060765 seconds 
========================================================================
Received Prepare
Refreshing native plugins compatible for Editor in 5.76 ms, found 2 plugins.
Preloading 0 native plugins for Editor in 0.00 ms.
Unloading 15 Unused Serialized files (Serialized files now loaded: 0)
System memory in use before: 71.8 MB.
System memory in use after: 71.9 MB.

Unloading 15 unused Assets to reduce memory usage. Loaded Objects now: 4021.
Total: 6.316200 ms (FindLiveObjects: 0.899700 ms CreateObjectMapping: 0.344800 ms MarkObjects: 4.380500 ms  DeleteObjects: 0.689700 ms)

========================================================================
Received Prepare
Refreshing native plugins compatible for Editor in 4.30 ms, found 2 plugins.
Preloading 0 native plugins for Editor in 0.00 ms.
Unloading 15 Unused Serialized files (Serialized files now loaded: 0)
System memory in use before: 71.8 MB.
System memory in use after: 71.9 MB.

Unloading 15 unused Assets to reduce memory usage. Loaded Objects now: 4021.
Total: 9.368000 ms (FindLiveObjects: 1.399300 ms CreateObjectMapping: 0.323500 ms MarkObjects: 7.436500 ms  DeleteObjects: 0.207100 ms)

========================================================================
Received Import Request.
  Time since last request: 4859.709603 seconds.
  path: Assets/sprits/j.png
  artifactKey: Guid(8b08426ea55993d4eb3849161ae6c1c8) Importer(815301076,1909f56bfc062723c751e8b465ee728b)
Start importing Assets/sprits/j.png using Guid(8b08426ea55993d4eb3849161ae6c1c8) Importer(815301076,1909f56bfc062723c751e8b465ee728b)  -> (artifact id: 'ccd925a57875b9971a07d787ee049710') in 1.125861 seconds 
========================================================================
Received Import Request.
  Time since last request: 0.000336 seconds.
  path: Assets/sprits/x.png
  artifactKey: Guid(6a6a2cea442ffc946a21292c240ce633) Importer(815301076,1909f56bfc062723c751e8b465ee728b)
Start importing Assets/sprits/x.png using Guid(6a6a2cea442ffc946a21292c240ce633) Importer(815301076,1909f56bfc062723c751e8b465ee728b)  -> (artifact id: 'bb0edd0edfc3922a8c2e5c5fb01a6a46') in 0.065609 seconds 
========================================================================
Received Import Request.
  Time since last request: 0.000205 seconds.
  path: Assets/sprits/т.png
  artifactKey: Guid(f459759db1311454984746d4c98cf744) Importer(815301076,1909f56bfc062723c751e8b465ee728b)
Start importing Assets/sprits/т.png using Guid(f459759db1311454984746d4c98cf744) Importer(815301076,1909f56bfc062723c751e8b465ee728b)  -> (artifact id: 'ffac5addb9207422b0a515b47b264196') in 0.096523 seconds 
========================================================================
Received Import Request.
  Time since last request: 0.000253 seconds.
  path: Assets/sprits/н.png
  artifactKey: Guid(7a60f77761fef5b48a95e646b41b4fc1) Importer(815301076,1909f56bfc062723c751e8b465ee728b)
Start importing Assets/sprits/н.png using Guid(7a60f77761fef5b48a95e646b41b4fc1) Importer(815301076,1909f56bfc062723c751e8b465ee728b)  -> (artifact id: 'c4561508275e303c2204720852380505') in 0.039278 seconds 
========================================================================
Received Import Request.
  Time since last request: 0.004368 seconds.
  path: Assets/sprits/o.png
  artifactKey: Guid(7f042b385a23cbb498e874083426b7ab) Importer(815301076,1909f56bfc062723c751e8b465ee728b)
Start importing Assets/sprits/o.png using Guid(7f042b385a23cbb498e874083426b7ab) Importer(815301076,1909f56bfc062723c751e8b465ee728b)  -> (artifact id: '3f715a7b20a2decc2552070daf0f1f5d') in 0.035533 seconds 
========================================================================
Received Import Request.
  Time since last request: 0.000221 seconds.
  path: Assets/sprits/а.png
  artifactKey: Guid(6f1f9f5305fb3ff4e88f1d5274f96d6c) Importer(815301076,1909f56bfc062723c751e8b465ee728b)
Start importing Assets/sprits/а.png using Guid(6f1f9f5305fb3ff4e88f1d5274f96d6c) Importer(815301076,1909f56bfc062723c751e8b465ee728b)  -> (artifact id: '2ba1d4ba638c651991c9220fae0e189f') in 0.065200 seconds 
========================================================================
Received Prepare
Registering precompiled user dll's ...
Registered in 0.007228 seconds.
Begin MonoManager ReloadAssembly
Native extension for WindowsStandalone target not found
Native extension for WebGL target not found
Refreshing native plugins compatible for Editor in 0.92 ms, found 2 plugins.
Preloading 0 native plugins for Editor in 0.00 ms.
Mono: successfully reloaded assembly
- Completed reload, in  4.249 seconds
Platform modules already initialized, skipping
Refreshing native plugins compatible for Editor in 4.38 ms, found 2 plugins.
Preloading 0 native plugins for Editor in 0.00 ms.
Unloading 3373 Unused Serialized files (Serialized files now loaded: 0)
System memory in use before: 167.9 MB.
System memory in use after: 168.0 MB.

Unloading 17 unused Assets to reduce memory usage. Loaded Objects now: 4154.
Total: 11.121400 ms (FindLiveObjects: 0.342200 ms CreateObjectMapping: 0.267900 ms MarkObjects: 9.630900 ms  DeleteObjects: 0.872100 ms)

========================================================================
Received Import Request.
  Time since last request: 416.471500 seconds.
  path: Assets/scripts/result.cs
  artifactKey: Guid(0c7ce00b47955644a852ad15d0590ce2) Importer(815301076,1909f56bfc062723c751e8b465ee728b)
Start importing Assets/scripts/result.cs using Guid(0c7ce00b47955644a852ad15d0590ce2) Importer(815301076,1909f56bfc062723c751e8b465ee728b)  -> (artifact id: 'f0cb407ea049939a891132868c75c9e9') in 0.021111 seconds 
========================================================================
Received Prepare
Registering precompiled user dll's ...
Registered in 0.006511 seconds.
Begin MonoManager ReloadAssembly
Native extension for WindowsStandalone target not found
Native extension for WebGL target not found
Refreshing native plugins compatible for Editor in 0.65 ms, found 2 plugins.
Preloading 0 native plugins for Editor in 0.00 ms.
Mono: successfully reloaded assembly
- Completed reload, in  2.126 seconds
Platform modules already initialized, skipping
Refreshing native plugins compatible for Editor in 0.79 ms, found 2 plugins.
Preloading 0 native plugins for Editor in 0.00 ms.
Unloading 3366 Unused Serialized files (Serialized files now loaded: 0)
System memory in use before: 167.6 MB.
System memory in use after: 167.7 MB.

Unloading 17 unused Assets to reduce memory usage. Loaded Objects now: 4158.
Total: 5.822900 ms (FindLiveObjects: 0.419100 ms CreateObjectMapping: 0.401800 ms MarkObjects: 4.856500 ms  DeleteObjects: 0.143800 ms)

========================================================================
Received Import Request.
  Time since last request: 143.125372 seconds.
  path: Assets/scripts/result.cs
  artifactKey: Guid(0c7ce00b47955644a852ad15d0590ce2) Importer(815301076,1909f56bfc062723c751e8b465ee728b)
Start importing Assets/scripts/result.cs using Guid(0c7ce00b47955644a852ad15d0590ce2) Importer(815301076,1909f56bfc062723c751e8b465ee728b)  -> (artifact id: 'd3956bb8cbbc78e9922ea35fd5f96a94') in 0.008073 seconds 
========================================================================
Received Prepare
Registering precompiled user dll's ...
Registered in 0.005804 seconds.
Begin MonoManager ReloadAssembly
Native extension for WindowsStandalone target not found
Native extension for WebGL target not found
Refreshing native plugins compatible for Editor in 0.65 ms, found 2 plugins.
Preloading 0 native plugins for Editor in 0.00 ms.
Mono: successfully reloaded assembly
- Completed reload, in  1.262 seconds
Platform modules already initialized, skipping
Refreshing native plugins compatible for Editor in 1.09 ms, found 2 plugins.
Preloading 0 native plugins for Editor in 0.00 ms.
Unloading 3366 Unused Serialized files (Serialized files now loaded: 0)
System memory in use before: 167.6 MB.
System memory in use after: 167.7 MB.

Unloading 17 unused Assets to reduce memory usage. Loaded Objects now: 4162.
Total: 3.242600 ms (FindLiveObjects: 0.338600 ms CreateObjectMapping: 0.198700 ms MarkObjects: 2.586600 ms  DeleteObjects: 0.117600 ms)

========================================================================
Received Prepare
Refreshing native plugins compatible for Editor in 2.77 ms, found 2 plugins.
Preloading 0 native plugins for Editor in 0.00 ms.
Unloading 15 Unused Serialized files (Serialized files now loaded: 0)
System memory in use before: 101.2 MB.
System memory in use after: 101.4 MB.

Unloading 15 unused Assets to reduce memory usage. Loaded Objects now: 4162.
Total: 4.362200 ms (FindLiveObjects: 0.380900 ms CreateObjectMapping: 0.647200 ms MarkObjects: 3.210400 ms  DeleteObjects: 0.122300 ms)

========================================================================
Received Prepare
Registering precompiled user dll's ...
Registered in 0.004889 seconds.
Begin MonoManager ReloadAssembly
Native extension for WindowsStandalone target not found
Native extension for WebGL target not found
Refreshing native plugins compatible for Editor in 1.56 ms, found 2 plugins.
Preloading 0 native plugins for Editor in 0.00 ms.
Mono: successfully reloaded assembly
- Completed reload, in  2.725 seconds
Platform modules already initialized, skipping
Switching build target platform(19) subTarget(0) extendedPlatform(0) -> platform(21) subTarget(0) extendedPlatform(0)
Refreshing native plugins compatible for Editor in 1.45 ms, found 2 plugins.
Preloading 0 native plugins for Editor in 0.00 ms.
Unloading 3370 Unused Serialized files (Serialized files now loaded: 0)
System memory in use before: 167.6 MB.
System memory in use after: 167.7 MB.

Unloading 17 unused Assets to reduce memory usage. Loaded Objects now: 4166.
Total: 8.074800 ms (FindLiveObjects: 1.279800 ms CreateObjectMapping: 0.696300 ms MarkObjects: 5.904100 ms  DeleteObjects: 0.192200 ms)

========================================================================
Received Prepare
Refreshing native plugins compatible for Editor in 8.28 ms, found 2 plugins.
Preloading 0 native plugins for Editor in 0.00 ms.
Unloading 15 Unused Serialized files (Serialized files now loaded: 0)
System memory in use before: 101.2 MB.
System memory in use after: 101.3 MB.

Unloading 15 unused Assets to reduce memory usage. Loaded Objects now: 4166.
Total: 7.776200 ms (FindLiveObjects: 0.389500 ms CreateObjectMapping: 0.296000 ms MarkObjects: 6.974100 ms  DeleteObjects: 0.115500 ms)

========================================================================
Received Prepare
Refreshing native plugins compatible for Editor in 7.37 ms, found 2 plugins.
Preloading 0 native plugins for Editor in 0.00 ms.
Unloading 15 Unused Serialized files (Serialized files now loaded: 0)
System memory in use before: 101.2 MB.
System memory in use after: 101.3 MB.

Unloading 15 unused Assets to reduce memory usage. Loaded Objects now: 4166.
Total: 7.977500 ms (FindLiveObjects: 2.117200 ms CreateObjectMapping: 0.572600 ms MarkObjects: 5.010600 ms  DeleteObjects: 0.274800 ms)

========================================================================
Received Prepare
Registering precompiled user dll's ...
Registered in 0.003221 seconds.
Begin MonoManager ReloadAssembly
Native extension for WindowsStandalone target not found
Native extension for WebGL target not found
Refreshing native plugins compatible for Editor in 0.70 ms, found 2 plugins.
Preloading 0 native plugins for Editor in 0.00 ms.
Mono: successfully reloaded assembly
- Completed reload, in  1.543 seconds
Platform modules already initialized, skipping
Refreshing native plugins compatible for Editor in 1.85 ms, found 2 plugins.
Preloading 0 native plugins for Editor in 0.00 ms.
Unloading 3366 Unused Serialized files (Serialized files now loaded: 0)
System memory in use before: 167.7 MB.
System memory in use after: 167.8 MB.

Unloading 17 unused Assets to reduce memory usage. Loaded Objects now: 4170.
Total: 9.988900 ms (FindLiveObjects: 1.859200 ms CreateObjectMapping: 0.587200 ms MarkObjects: 7.393000 ms  DeleteObjects: 0.147800 ms)

========================================================================
Received Prepare
Refreshing native plugins compatible for Editor in 8.14 ms, found 2 plugins.
Preloading 0 native plugins for Editor in 0.00 ms.
Unloading 15 Unused Serialized files (Serialized files now loaded: 0)
System memory in use before: 101.3 MB.
System memory in use after: 101.4 MB.

Unloading 15 unused Assets to reduce memory usage. Loaded Objects now: 4170.
Total: 8.312000 ms (FindLiveObjects: 0.895200 ms CreateObjectMapping: 0.520200 ms MarkObjects: 6.566900 ms  DeleteObjects: 0.325500 ms)

========================================================================
Received Prepare
Refreshing native plugins compatible for Editor in 10.49 ms, found 2 plugins.
Preloading 0 native plugins for Editor in 0.00 ms.
Unloading 15 Unused Serialized files (Serialized files now loaded: 0)
System memory in use before: 101.3 MB.
System memory in use after: 101.4 MB.

Unloading 15 unused Assets to reduce memory usage. Loaded Objects now: 4170.
Total: 35.863700 ms (FindLiveObjects: 0.381900 ms CreateObjectMapping: 0.234300 ms MarkObjects: 35.128200 ms  DeleteObjects: 0.118200 ms)

========================================================================
Received Prepare
Refreshing native plugins compatible for Editor in 8.21 ms, found 2 plugins.
Preloading 0 native plugins for Editor in 0.00 ms.
Unloading 15 Unused Serialized files (Serialized files now loaded: 0)
System memory in use before: 101.3 MB.
System memory in use after: 101.4 MB.

Unloading 15 unused Assets to reduce memory usage. Loaded Objects now: 4170.
Total: 10.105900 ms (FindLiveObjects: 1.080900 ms CreateObjectMapping: 0.774900 ms MarkObjects: 7.943700 ms  DeleteObjects: 0.302200 ms)

AssetImportWorkerClient::OnTransportError - code=2 error=End of file
